<?xml version="1.0" encoding="UTF-8"?>
<!-- Generated by org.testng.reporters.JUnitXMLReporter -->
<testsuite hostname="MARMO-SOLUTIONS" ignored="0" name="Default test" tests="3" failures="0" timestamp="15 Mar 2020 16:34:46 GMT" time="21.024" errors="0">
  <testcase name="contactUS" time="19.664" classname="CrossBrowser.ContactUs"/>
  <testcase name="userData" time="0.31" classname="CrossBrowser.ContactUs"/>
  <testcase name="closeBrowser" time="1.007" classname="CrossBrowser.ContactUs"/>
</testsuite> <!-- Default test -->
