<?xml version="1.0" encoding="UTF-8"?>
<!-- Generated by org.testng.reporters.JUnitXMLReporter -->
<testsuite hostname="MARMO-SOLUTIONS" ignored="0" name="CrossBrowsers_Firefox" tests="2" failures="1" timestamp="10 Dec 2019 05:04:42 GMT" time="3.584" errors="0">
  <testcase name="close" time="0.013" classname="CrossBrowser.CrossBrowser">
    <failure type="java.lang.NullPointerException">
      <![CDATA[java.lang.NullPointerException
at CrossBrowser.CrossBrowser.close(CrossBrowser.java:50)
... Removed 25 stack frames]]>
    </failure>
  </testcase> <!-- close -->
  <testcase name="setup" time="3.537" classname="CrossBrowser.CrossBrowser"/>
</testsuite> <!-- CrossBrowsers_Firefox -->
